<?xml version="1.0" encoding="utf-8"?><testsuites name="pytest tests"><testsuite name="pytest" errors="0" failures="2" skipped="0" tests="21" time="60.653" timestamp="2026-09-11T00:44:11.160554+00:00" hostname="agent-env-d304e7ce-59f0-4fa8-91a5-a4705467d60e"><testcase classname="tests.test_iter3_features.TestCases" name="test_list_cases_5" time="0.335" /><testcase classname="tests.test_iter3_features.TestOnboardingWidened" name="test_onboarding_new_fields" time="0.460" /><testcase classname="tests.test_iter3_features.TestOnboardingWidened" name="test_me_returns_onboarding_and_admin_flag" time="0.100" /><testcase classname="tests.test_iter3_features.TestCases" name="test_case_detail_no_answer_leak" time="0.389" /><testcase classname="tests.test_iter3_features.TestDrugs" name="test_list_drugs_10" time="0.093" /><testcase classname="tests.test_iter3_features.TestDrugs" name="test_drug_detail" time="0.162"><failure message="AssertionError: expected &gt;=5 sections, got ['indications', 'monitoring', 'nursing', 'contraindications']&#10;assert 4 &gt;= 5&#10; +  where 4 = len(['indications', 'monitoring', 'nursing', 'contraindications'])">backend/tests/test_iter3_features.py:70: in test_drug_detail
    assert len(present) &gt;= 5, f"expected &gt;=5 sections, got {present}"
E   AssertionError: expected &gt;=5 sections, got ['indications', 'monitoring', 'nursing', 'contraindications']
E   assert 4 &gt;= 5
E    +  where 4 = len(['indications', 'monitoring', 'nursing', 'contraindications'])</failure></testcase><testcase classname="tests.test_iter3_features.TestCases" name="test_case_attempt_evaluates" time="0.199" /><testcase classname="tests.test_iter3_features.TestSkills" name="test_list_skills_5" time="0.071" /><testcase classname="tests.test_iter3_features.TestSkills" name="test_skill_detail" time="0.150" /><testcase classname="tests.test_iter3_features.TestECG" name="test_list_ecg_cases" time="0.114" /><testcase classname="tests.test_iter3_features.TestECG" name="test_get_ecg_case" time="0.309"><failure message="AssertionError: assert ('options' in {'id': 'ecg-01', 'title': 'Regular Narrow Complex, Rate 70', 'difficulty': 'Easy', 'description': '12-lead ECG shows regular rhythm, rate 70, upright P waves in II, PR 0.16 s, QRS 0.08 s.', ...} and 'answer_index' in {'id': 'ecg-01', 'title': 'Regular Narrow Complex, Rate 70', 'difficulty': 'Easy', 'description': '12-lead ECG shows regular rhythm, rate 70, upright P waves in II, PR 0.16 s, QRS 0.08 s.', ...})">backend/tests/test_iter3_features.py:87: in test_get_ecg_case
    assert "options" in c and "answer_index" in c
E   AssertionError: assert ('options' in {'id': 'ecg-01', 'title': 'Regular Narrow Complex, Rate 70', 'difficulty': 'Easy', 'description': '12-lead ECG shows regular rhythm, rate 70, upright P waves in II, PR 0.16 s, QRS 0.08 s.', ...} and 'answer_index' in {'id': 'ecg-01', 'title': 'Regular Narrow Complex, Rate 70', 'difficulty': 'Easy', 'description': '12-lead ECG shows regular rhythm, rate 70, upright P waves in II, PR 0.16 s, QRS 0.08 s.', ...})</failure></testcase><testcase classname="tests.test_iter3_features.TestLibraryRossWilson" name="test_book_exists_and_has_18_chapters" time="0.087" /><testcase classname="tests.test_iter3_features.TestLibraryRossWilson" name="test_appears_in_cat_anp" time="0.072" /><testcase classname="tests.test_iter3_features.TestEmergency" name="test_emergency_topics_8" time="0.067" /><testcase classname="tests.test_iter3_features.TestNursingDiagnosis" name="test_nursing_diagnosis_ai" time="12.094" /><testcase classname="tests.test_iter3_features.TestABG" name="test_respiratory_acidosis" time="1.235" /><testcase classname="tests.test_iter3_features.TestVentilator" name="test_topics" time="0.093" /><testcase classname="tests.test_iter3_features.TestAIModes" name="test_quick_shorter_than_clinical" time="41.535" /><testcase classname="tests.test_iter3_features.TestCarePlans" name="test_create_ai_generate_and_delete" time="9.619" /><testcase classname="tests.test_iter3_features.TestGamification" name="test_status_and_action" time="0.167" /><testcase classname="tests.test_iter3_features.TestAIRossWilson" name="test_references_cite_ross_and_wilson" time="16.080" /></testsuite></testsuites>