<?xml version="1.0" encoding="utf-8"?><testsuites name="pytest tests"><testsuite name="pytest" errors="0" failures="0" skipped="0" tests="6" time="37.249" timestamp="2026-09-13T21:02:32.381408+00:00" hostname="agent-env-d304e7ce-59f0-4fa8-91a5-a4705467d60e"><testcase classname="tests.test_iter5_persona" name="test_login_and_me_has_persona_fields" time="0.492" /><testcase classname="tests.test_iter5_persona" name="test_update_profile_persona_meera_funny" time="0.297" /><testcase classname="tests.test_iter5_persona" name="test_ai_chat_reply_contains_meera_and_textbook_format" time="3.295" /><testcase classname="tests.test_iter5_persona" name="test_ai_chat_textbook_formatting_on_substantive_question" time="28.817" /><testcase classname="tests.test_iter5_persona" name="test_ai_chat_reply_switches_to_buddy_strict" time="3.878" /><testcase classname="tests.test_iter5_persona" name="test_zz_restore_default_persona" time="0.131" /></testsuite></testsuites>