<?xml version="1.0" encoding="utf-8"?><testsuites name="pytest tests"><testsuite name="pytest" errors="0" failures="1" skipped="0" tests="8" time="3.872" timestamp="2026-09-11T00:52:06.196507+00:00" hostname="agent-env-d304e7ce-59f0-4fa8-91a5-a4705467d60e"><testcase classname="tests.test_iter4_pdf.TestPdfDownload" name="test_pdf_download_with_query_token" time="2.235" /><testcase classname="tests.test_iter4_pdf.TestBookHasFileFlag" name="test_ross_wilson_detail_has_file_true" time="0.547" /><testcase classname="tests.test_iter4_pdf.TestBookHasFileFlag" name="test_other_book_has_file_false" time="0.191" /><testcase classname="tests.test_iter4_pdf.TestAiReferencesRegression" name="test_ai_chat_cites_ross_wilson" time="0.101"><failure message="assert 422 == 200&#10; +  where 422 = &lt;Response [422]&gt;.status_code">backend/tests/test_iter4_pdf.py:104: in test_ai_chat_cites_ross_wilson
    assert r.status_code == 200
E   assert 422 == 200
E    +  where 422 = &lt;Response [422]&gt;.status_code</failure></testcase><testcase classname="tests.test_iter4_pdf.TestPdfDownload" name="test_pdf_download_with_bearer_header" time="1.041" /><testcase classname="tests.test_iter4_pdf.TestPdfDownload" name="test_pdf_download_missing_token_returns_401" time="0.149" /><testcase classname="tests.test_iter4_pdf.TestPdfDownload" name="test_pdf_download_invalid_token_returns_401" time="0.069" /><testcase classname="tests.test_iter4_pdf.TestPdfDownload" name="test_pdf_download_nonexistent_book" time="0.071" /></testsuite></testsuites>