<?xml version="1.0" encoding="utf-8"?><testsuites name="pytest tests"><testsuite name="pytest" errors="0" failures="0" skipped="0" tests="26" time="6.665" timestamp="2026-09-07T21:37:39.989462+00:00" hostname="agent-env-d304e7ce-59f0-4fa8-91a5-a4705467d60e"><testcase classname="tests.test_backend.TestAuth" name="test_signup_login_me" time="0.540" /><testcase classname="tests.test_backend.TestQuestions" name="test_list_questions" time="0.412" /><testcase classname="tests.test_backend.TestQuestions" name="test_attempt_and_stats" time="0.238" /><testcase classname="tests.test_backend.TestAuth" name="test_duplicate_signup" time="0.076" /><testcase classname="tests.test_backend.TestAuth" name="test_invalid_login" time="0.149" /><testcase classname="tests.test_backend.TestQuestions" name="test_bookmark_toggle" time="0.263" /><testcase classname="tests.test_backend.TestAuth" name="test_me_no_token" time="0.076" /><testcase classname="tests.test_backend.TestAuth" name="test_onboarding" time="0.074" /><testcase classname="tests.test_backend.TestQuestions" name="test_attempt_bad_question" time="0.061" /><testcase classname="tests.test_backend.TestJobsNews" name="test_jobs" time="0.082" /><testcase classname="tests.test_backend.TestExams" name="test_list_exams" time="0.071" /><testcase classname="tests.test_backend.TestJobsNews" name="test_jobs_filter" time="0.145" /><testcase classname="tests.test_backend.TestExams" name="test_get_exam" time="0.159" /><testcase classname="tests.test_backend.TestJobsNews" name="test_news" time="0.072" /><testcase classname="tests.test_backend.TestExams" name="test_get_missing_exam" time="0.069" /><testcase classname="tests.test_backend.TestStudy" name="test_subjects" time="0.072" /><testcase classname="tests.test_backend.TestAbroad" name="test_pathways" time="0.075" /><testcase classname="tests.test_backend.TestStudy" name="test_lessons" time="0.142" /><testcase classname="tests.test_backend.TestAbroad" name="test_pathway_detail_and_toggle" time="0.253" /><testcase classname="tests.test_backend.TestPassport" name="test_create_list_delete_document" time="0.312" /><testcase classname="tests.test_backend.TestHealth" name="test_root" time="0.071" /><testcase classname="tests.test_backend.TestHome" name="test_dashboard" time="0.131" /><testcase classname="tests.test_backend.TestPassport" name="test_create_with_file" time="1.788" /><testcase classname="tests.test_backend.TestNotifications" name="test_notifications" time="0.065" /><testcase classname="tests.test_backend.TestAI" name="test_ai_chat_sse" time="4.403" /><testcase classname="tests.test_backend.TestCME" name="test_add_and_list_cme" time="0.152" /></testsuite></testsuites>