<?xml version="1.0" encoding="utf-8"?><testsuites name="pytest tests"><testsuite name="pytest" errors="0" failures="0" skipped="0" tests="15" time="5.924" timestamp="2026-09-07T22:48:05.649553+00:00" hostname="agent-env-d304e7ce-59f0-4fa8-91a5-a4705467d60e"><testcase classname="tests.test_library.TestLibraryBooks" name="test_list_all_books" time="0.339" /><testcase classname="tests.test_library.TestLibraryBookDetail" name="test_book_detail_and_chapter_flow" time="0.552" /><testcase classname="tests.test_library.TestLibraryBooks" name="test_filter_by_category_pha" time="0.067" /><testcase classname="tests.test_library.TestLibraryBooks" name="test_search_by_q" time="0.068" /><testcase classname="tests.test_library.TestLibraryCategories" name="test_list_categories_26" time="0.076" /><testcase classname="tests.test_library.TestLibraryBookDetail" name="test_missing_book" time="0.069" /><testcase classname="tests.test_library.TestLibrarySearch" name="test_search_heparin" time="0.113" /><testcase classname="tests.test_library.TestLibraryFeatured" name="test_featured_shape" time="0.176" /><testcase classname="tests.test_library.TestBookmarks" name="test_toggle_and_list" time="0.250" /><testcase classname="tests.test_library.TestLibrarySearch" name="test_search_short" time="0.066" /><testcase classname="tests.test_library.TestAdminRBAC" name="test_non_admin_forbidden" time="0.322" /><testcase classname="tests.test_library.TestNotes" name="test_create_and_delete_note" time="1.736" /><testcase classname="tests.test_library.TestAILibraryReferences" name="test_ai_chat_emits_references_for_heparin" time="4.297" /><testcase classname="tests.test_library.TestAdminFlow" name="test_admin_create_and_delete_book" time="0.446" /><testcase classname="tests.test_library.TestRegularNotAdmin" name="test_new_signup_not_admin" time="0.113" /></testsuite></testsuites>